ahdlcmicompile: Compiling ahdlcmi in xcelium.d/AMSD/ahdlSimDB/amscf.ahdlSimDB//72547f2f78d481b93336e8d778a9f868.worklib__VCO__vams__0x10000001_behavioral.ahdlcmi/Linux-64/ for Linux-64 with optimize using gcc on Mon May 12 12:58:31 EDT 2025 [5.0]
ahdlcmicompile: Generating makefile
PATH:  /Cadence/SPECTRE231/bin:/Cadence/SPECTRE231/tools.lnx86/bin/64bit:/Cadence/SPECTRE231/tools.lnx86/bin:/Cadence/XCELIUM2409/tools/bin/64bit:/Cadence/XCELIUM2409/tools/bin/64bit:/Cadence/XCELIUM2409/tools/bin/64bit:/Cadence/VMANAGER2503/bin:/Cadence/MODUS2312/bin:/Cadence/COMFRML241/bin:/Cadence/IC231/tools/bin:/Cadence/IC231/bin:/Cadence/XCELIUM2409/tools/bin:/Cadence/INNOVUS221/bin:/Cadence/GENUS211/bin:/Cadence/bin:/Cadence/liberate/2310/bin:/home/huyen_k66/.vscode-server/cli/servers/Stable-e54c774e0add60467559eb0d1e229c6452cf8447/server/bin/remote-cli:/Cadence/VMANAGER2503/bin:/Cadence/MODUS2312/bin:/Cadence/COMFRML241/bin:/Cadence/IC231/tools/bin:/Cadence/IC231/bin:/Cadence/XCELIUM2409/tools/bin:/Cadence/INNOVUS221/bin:/Cadence/GENUS211/bin:/Cadence/bin:/Cadence/liberate/2310/bin:/Cadence/VMANAGER2503/bin:/Cadence/MODUS2312/bin:/Cadence/COMFRML241/bin:/Cadence/IC231/tools/bin:/Cadence/IC231/bin:/Cadence/XCELIUM2409/tools/bin:/Cadence/INNOVUS221/bin:/Cadence/GENUS211/bin:/Cadence/bin:/Cadence/liberate/2310/bin:/usr/lib64/qt-3.3/bin:/usr/local/bin:/usr/bin:/usr/local/sbin:/usr/sbin:/home/huyen_k66/.local/bin:/home/huyen_k66/bin:/home/huyen_k66/.vscode-server/extensions/ms-python.debugpy-2025.8.0-linux-x64/bundled/scripts/noConfigScripts:/bin
LD_LIBRARY_PATH:  /Cadence/SPECTRE231/tools.lnx86/TPtools/libstdc++6/lib/64bit:/Cadence/SPECTRE231/tools.lnx86/TPtools/cuda/lib64:/Cadence/SPECTRE231/tools.lnx86/giganta/lib/64bit:/Cadence/SPECTRE231/tools.lnx86/mdl/lib/64bit:/Cadence/SPECTRE231/tools.lnx86/mmsim/lib/64bit:/Cadence/SPECTRE231/tools.lnx86/hdf/lib/64bit:/Cadence/SPECTRE231/tools.lnx86/python/64bit/lib:/Cadence/SPECTRE231/tools.lnx86/inca/lib/64bit:/Cadence/SPECTRE231/tools.lnx86/awrmwo/lib/64bit:/Cadence/SPECTRE231/tools.lnx86/spectre/lib/64bit:/Cadence/SPECTRE231/tools.lnx86/dfII/lib/64bit:/Cadence/SPECTRE231/tools.lnx86/TPtools/zlib/lib64:/Cadence/SPECTRE231/tools.lnx86/TPtools/grpc/lib:/Cadence/SPECTRE231/tools.lnx86/TPtools/grpc/lib64:/Cadence/SPECTRE231/tools.lnx86/fmc/lib/64bit:/Cadence/SPECTRE231/tools.lnx86/lib/64bit:/Cadence/SPECTRE231/tools.lnx86/lib/64bit:/Cadence/SPECTRE231/tools.lnx86/lib:/Cadence/SPECTRE231/tools.lnx86/lib/64bit/RHEL/RHEL7:/Cadence/XCELIUM2409/tools/lib/64bit:/Cadence/XCELIUM2409/tools/lib/64bit/SuSE
/Cadence/SPECTRE231/tools.lnx86/spectre/ahdlcmi/bin/gnumake -j1 -f GNUmakefile
Cleaning ./obj/optimize/5.0
rm -f -rf ./obj/optimize/5.0
Compiling C file worklib__VCO__vams__0x10000001_behavioral_func.c (optimize)
/Cadence/SPECTRE231/tools.lnx86/spectre/ahdlcmi/bin/64bit/ahdlcc 0 /Cadence/SPECTRE231/tools.lnx86/cdsgcc/gcc/9.3/bin/gcc  -ffast-math  -fno-unsafe-math-optimizations -Wno-error=int-conversion -O3 -m64 -DSYSV -DSVR4 -D_REENTRANT -fPIC   -DconfigSPECTRE -I. -I/Cadence/SPECTRE231/tools.lnx86/spectre/ahdlcmi/include -c worklib__VCO__vams__0x10000001_behavioral_func.c -o obj/optimize/5.0/worklib__VCO__vams__0x10000001_behavioral_func.o || rm -f -f obj/optimize/5.0/worklib__VCO__vams__0x10000001_behavioral_func.o
rm -f -rf worklib__VCO__vams__0x10000001_behavioral_func.c
Compiling C file worklib__VCO__vams__0x10000001_behavioral_DcFuncDerLoad.c (optimize)
/Cadence/SPECTRE231/tools.lnx86/spectre/ahdlcmi/bin/64bit/ahdlcc 0 /Cadence/SPECTRE231/tools.lnx86/cdsgcc/gcc/9.3/bin/gcc  -ffast-math  -fno-unsafe-math-optimizations -Wno-error=int-conversion -O3 -m64 -DSYSV -DSVR4 -D_REENTRANT -fPIC   -DconfigSPECTRE -I. -I/Cadence/SPECTRE231/tools.lnx86/spectre/ahdlcmi/include -c worklib__VCO__vams__0x10000001_behavioral_DcFuncDerLoad.c -o obj/optimize/5.0/worklib__VCO__vams__0x10000001_behavioral_DcFuncDerLoad.o || rm -f -f obj/optimize/5.0/worklib__VCO__vams__0x10000001_behavioral_DcFuncDerLoad.o
<stdin>: In function 'worklib__VCO__vams__0x10000001_behavioral_DcFuncDerLoad':
<stdin>:256:49: warning: passing argument 1 of 'aslDevInterAddStaticElement' makes pointer from integer without a cast [-Wint-conversion]
In file included from <stdin>:24:
/Cadence/SPECTRE231/tools.lnx86/spectre/ahdlcmi/include/ahdlDevLibGlobal.h:2300:62: note: expected 'void *' but argument is of type 'long int'
 2300 | ASL_FUNC_DECL_START extern long aslDevInterAddStaticElement( void *, double, struct ahdlFuncModeParam * );
      |                                                              ^~~~~~
rm -f -rf worklib__VCO__vams__0x10000001_behavioral_DcFuncDerLoad.c
Compiling C file worklib__VCO__vams__0x10000001_behavioral_DcFuncLoad.c (optimize)
/Cadence/SPECTRE231/tools.lnx86/spectre/ahdlcmi/bin/64bit/ahdlcc 0 /Cadence/SPECTRE231/tools.lnx86/cdsgcc/gcc/9.3/bin/gcc  -ffast-math  -fno-unsafe-math-optimizations -Wno-error=int-conversion -O3 -m64 -DSYSV -DSVR4 -D_REENTRANT -fPIC   -DconfigSPECTRE -I. -I/Cadence/SPECTRE231/tools.lnx86/spectre/ahdlcmi/include -c worklib__VCO__vams__0x10000001_behavioral_DcFuncLoad.c -o obj/optimize/5.0/worklib__VCO__vams__0x10000001_behavioral_DcFuncLoad.o || rm -f -f obj/optimize/5.0/worklib__VCO__vams__0x10000001_behavioral_DcFuncLoad.o
<stdin>: In function 'worklib__VCO__vams__0x10000001_behavioral_DcFuncLoad':
<stdin>:256:49: warning: passing argument 1 of 'aslDevInterAddStaticElement' makes pointer from integer without a cast [-Wint-conversion]
In file included from <stdin>:24:
/Cadence/SPECTRE231/tools.lnx86/spectre/ahdlcmi/include/ahdlDevLibGlobal.h:2300:62: note: expected 'void *' but argument is of type 'long int'
 2300 | ASL_FUNC_DECL_START extern long aslDevInterAddStaticElement( void *, double, struct ahdlFuncModeParam * );
      |                                                              ^~~~~~
rm -f -rf worklib__VCO__vams__0x10000001_behavioral_DcFuncLoad.c
Compiling C file worklib__VCO__vams__0x10000001_behavioral_TranFuncDerLoad.c (optimize)
/Cadence/SPECTRE231/tools.lnx86/spectre/ahdlcmi/bin/64bit/ahdlcc 0 /Cadence/SPECTRE231/tools.lnx86/cdsgcc/gcc/9.3/bin/gcc  -ffast-math  -fno-unsafe-math-optimizations -Wno-error=int-conversion -O3 -m64 -DSYSV -DSVR4 -D_REENTRANT -fPIC   -DconfigSPECTRE -I. -I/Cadence/SPECTRE231/tools.lnx86/spectre/ahdlcmi/include -c worklib__VCO__vams__0x10000001_behavioral_TranFuncDerLoad.c -o obj/optimize/5.0/worklib__VCO__vams__0x10000001_behavioral_TranFuncDerLoad.o || rm -f -f obj/optimize/5.0/worklib__VCO__vams__0x10000001_behavioral_TranFuncDerLoad.o
<stdin>: In function 'worklib__VCO__vams__0x10000001_behavioral_TranFuncDerLoad':
<stdin>:282:49: warning: passing argument 1 of 'aslDevInterAddStaticElement' makes pointer from integer without a cast [-Wint-conversion]
In file included from <stdin>:24:
/Cadence/SPECTRE231/tools.lnx86/spectre/ahdlcmi/include/ahdlDevLibGlobal.h:2300:62: note: expected 'void *' but argument is of type 'long int'
 2300 | ASL_FUNC_DECL_START extern long aslDevInterAddStaticElement( void *, double, struct ahdlFuncModeParam * );
      |                                                              ^~~~~~
<stdin>:308:49: warning: passing argument 1 of 'aslDevInterAddStaticElement' makes pointer from integer without a cast [-Wint-conversion]
In file included from <stdin>:24:
/Cadence/SPECTRE231/tools.lnx86/spectre/ahdlcmi/include/ahdlDevLibGlobal.h:2300:62: note: expected 'void *' but argument is of type 'long int'
 2300 | ASL_FUNC_DECL_START extern long aslDevInterAddStaticElement( void *, double, struct ahdlFuncModeParam * );
      |                                                              ^~~~~~
<stdin>:318:50: warning: passing argument 1 of 'aslDevInterAddDynamicElement' makes pointer from integer without a cast [-Wint-conversion]
In file included from <stdin>:24:
/Cadence/SPECTRE231/tools.lnx86/spectre/ahdlcmi/include/ahdlDevLibGlobal.h:2302:63: note: expected 'void *' but argument is of type 'long int'
 2302 | ASL_FUNC_DECL_START extern long aslDevInterAddDynamicElement( void *, double, struct ahdlFuncModeParam * );
      |                                                               ^~~~~~
rm -f -rf worklib__VCO__vams__0x10000001_behavioral_TranFuncDerLoad.c
Compiling C file worklib__VCO__vams__0x10000001_behavioral_TranFuncLoad.c (optimize)
/Cadence/SPECTRE231/tools.lnx86/spectre/ahdlcmi/bin/64bit/ahdlcc 0 /Cadence/SPECTRE231/tools.lnx86/cdsgcc/gcc/9.3/bin/gcc  -ffast-math  -fno-unsafe-math-optimizations -Wno-error=int-conversion -O3 -m64 -DSYSV -DSVR4 -D_REENTRANT -fPIC   -DconfigSPECTRE -I. -I/Cadence/SPECTRE231/tools.lnx86/spectre/ahdlcmi/include -c worklib__VCO__vams__0x10000001_behavioral_TranFuncLoad.c -o obj/optimize/5.0/worklib__VCO__vams__0x10000001_behavioral_TranFuncLoad.o || rm -f -f obj/optimize/5.0/worklib__VCO__vams__0x10000001_behavioral_TranFuncLoad.o
<stdin>: In function 'worklib__VCO__vams__0x10000001_behavioral_TranFuncLoad':
<stdin>:282:49: warning: passing argument 1 of 'aslDevInterAddStaticElement' makes pointer from integer without a cast [-Wint-conversion]
In file included from <stdin>:24:
/Cadence/SPECTRE231/tools.lnx86/spectre/ahdlcmi/include/ahdlDevLibGlobal.h:2300:62: note: expected 'void *' but argument is of type 'long int'
 2300 | ASL_FUNC_DECL_START extern long aslDevInterAddStaticElement( void *, double, struct ahdlFuncModeParam * );
      |                                                              ^~~~~~
<stdin>:308:49: warning: passing argument 1 of 'aslDevInterAddStaticElement' makes pointer from integer without a cast [-Wint-conversion]
In file included from <stdin>:24:
/Cadence/SPECTRE231/tools.lnx86/spectre/ahdlcmi/include/ahdlDevLibGlobal.h:2300:62: note: expected 'void *' but argument is of type 'long int'
 2300 | ASL_FUNC_DECL_START extern long aslDevInterAddStaticElement( void *, double, struct ahdlFuncModeParam * );
      |                                                              ^~~~~~
<stdin>:318:50: warning: passing argument 1 of 'aslDevInterAddDynamicElement' makes pointer from integer without a cast [-Wint-conversion]
In file included from <stdin>:24:
/Cadence/SPECTRE231/tools.lnx86/spectre/ahdlcmi/include/ahdlDevLibGlobal.h:2302:63: note: expected 'void *' but argument is of type 'long int'
 2302 | ASL_FUNC_DECL_START extern long aslDevInterAddDynamicElement( void *, double, struct ahdlFuncModeParam * );
      |                                                               ^~~~~~
rm -f -rf worklib__VCO__vams__0x10000001_behavioral_TranFuncLoad.c
Compiling C file worklib__VCO__vams__0x10000001_behavioral_OpPointCalc.c (optimize)
/Cadence/SPECTRE231/tools.lnx86/spectre/ahdlcmi/bin/64bit/ahdlcc 0 /Cadence/SPECTRE231/tools.lnx86/cdsgcc/gcc/9.3/bin/gcc  -ffast-math  -fno-unsafe-math-optimizations -Wno-error=int-conversion -O3 -m64 -DSYSV -DSVR4 -D_REENTRANT -fPIC   -DconfigSPECTRE -I. -I/Cadence/SPECTRE231/tools.lnx86/spectre/ahdlcmi/include -c worklib__VCO__vams__0x10000001_behavioral_OpPointCalc.c -o obj/optimize/5.0/worklib__VCO__vams__0x10000001_behavioral_OpPointCalc.o || rm -f -f obj/optimize/5.0/worklib__VCO__vams__0x10000001_behavioral_OpPointCalc.o
rm -f -rf worklib__VCO__vams__0x10000001_behavioral_OpPointCalc.c
Compiling C file worklib__VCO__vams__0x10000001_behavioral_cmi_c.c (optimize)
/Cadence/SPECTRE231/tools.lnx86/spectre/ahdlcmi/bin/64bit/ahdlcc 0 /Cadence/SPECTRE231/tools.lnx86/cdsgcc/gcc/9.3/bin/gcc  -ffast-math  -fno-unsafe-math-optimizations -Wno-error=int-conversion -O3 -m64 -DSYSV -DSVR4 -D_REENTRANT -fPIC   -DconfigSPECTRE -I. -I/Cadence/SPECTRE231/tools.lnx86/spectre/ahdlcmi/include -I/Cadence/SPECTRE231/tools.lnx86/cmi/include -c worklib__VCO__vams__0x10000001_behavioral_cmi_c.c -o obj/optimize/5.0/worklib__VCO__vams__0x10000001_behavioral_cmi_c.o || rm -f -f obj/optimize/5.0/worklib__VCO__vams__0x10000001_behavioral_cmi_c.o
<stdin>: In function 'worklib__VCO__vams__0x10000001_behavioral_pPrintDescription':
<stdin>:930:3: warning: implicit declaration of function 'msgWrite' [-Wimplicit-function-declaration]
<stdin>:932:67: warning: implicit declaration of function 'devGetRFinFreqDomain' [-Wimplicit-function-declaration]
<stdin>: In function 'worklib__VCO__vams__0x10000001_behavioral_pGetInstanceParams':
<stdin>:1161:41: warning: implicit declaration of function 'devGetInstKnotStatus'; did you mean 'devGetInstState'? [-Wimplicit-function-declaration]
<stdin>: In function 'worklib__VCO__vams__0x10000001_behavioral_pDC_Load':
<stdin>:1448:41: warning: passing argument 1 of 'aslDevFillZeorDiagonalElemet' makes pointer from integer without a cast [-Wint-conversion]
In file included from <stdin>:24:
/Cadence/SPECTRE231/tools.lnx86/spectre/ahdlcmi/include/ahdlDevLibGlobal.h:2884:63: note: expected 'void *' but argument is of type 'long int'
 2884 | ASL_FUNC_DECL_START extern void aslDevFillZeorDiagonalElemet( void *, int, unsigned int, struct ahdlFuncModeParam * );
      |                                                               ^~~~~~
<stdin>: In function 'worklib__VCO__vams__0x10000001_behavioral_pCompare':
<stdin>:2092:3: warning: implicit declaration of function 'spReplaceMatrixPointer'; did you mean 'aslDevLaplaceGetMatrixPointer'? [-Wimplicit-function-declaration]
<stdin>:2097:36: warning: assignment to 'long int' from 'long int *' makes integer from pointer without a cast [-Wint-conversion]
<stdin>:2098:23: warning: passing argument 1 of 'memcpy' makes pointer from integer without a cast [-Wint-conversion]
In file included from /Cadence/SPECTRE231/tools.lnx86/spectre/ahdlcmi/include/ahdlPiCmi.h:5,
                 from /Cadence/SPECTRE231/tools.lnx86/spectre/ahdlcmi/include/ahdlDevLibGlobal.h:80,
                 from <stdin>:24:
/usr/include/string.h:42:14: note: expected 'void * restrict' but argument is of type 'long int'
   42 | extern void *memcpy (void *__restrict __dest, const void *__restrict __src,
      |              ^~~~~~
<stdin>:2098:57: warning: passing argument 2 of 'memcpy' makes pointer from integer without a cast [-Wint-conversion]
In file included from /Cadence/SPECTRE231/tools.lnx86/spectre/ahdlcmi/include/ahdlPiCmi.h:5,
                 from /Cadence/SPECTRE231/tools.lnx86/spectre/ahdlcmi/include/ahdlDevLibGlobal.h:80,
                 from <stdin>:24:
/usr/include/string.h:42:14: note: expected 'const void * restrict' but argument is of type 'long int'
   42 | extern void *memcpy (void *__restrict __dest, const void *__restrict __src,
      |              ^~~~~~
<stdin>:2100:36: warning: assignment to 'long int' from 'void *' makes integer from pointer without a cast [-Wint-conversion]
<stdin>: In function 'worklib__VCO__vams__0x10000001_behavioral_pMapSignals':
<stdin>:2160:26: warning: comparison between pointer and integer
<stdin>: In function 'worklib__VCO__vams__0x10000001_behavioral_pGetMatrixPointers':
<stdin>:2280:33: warning: assignment to 'long int' from 'void *' makes integer from pointer without a cast [-Wint-conversion]
<stdin>: In function 'worklib__VCO__vams__0x10000001_behavioral_pAnalTranLoad':
<stdin>:3229:42: warning: passing argument 1 of 'aslDevFillZeorDiagonalElemet' makes pointer from integer without a cast [-Wint-conversion]
In file included from <stdin>:24:
/Cadence/SPECTRE231/tools.lnx86/spectre/ahdlcmi/include/ahdlDevLibGlobal.h:2884:63: note: expected 'void *' but argument is of type 'long int'
 2884 | ASL_FUNC_DECL_START extern void aslDevFillZeorDiagonalElemet( void *, int, unsigned int, struct ahdlFuncModeParam * );
      |                                                               ^~~~~~
<stdin>: In function 'worklib__VCO__vams__0x10000001_behavioral_pSaveRestart':
<stdin>:3496:13: warning: implicit declaration of function 'mmsThreshSR' [-Wimplicit-function-declaration]
<stdin>:3502:4: warning: implicit declaration of function 'pklAccessDouble' [-Wimplicit-function-declaration]
<stdin>:3506:29: warning: passing argument 2 of 'aslDevAvarSR' from incompatible pointer type [-Wincompatible-pointer-types]
In file included from <stdin>:24:
/Cadence/SPECTRE231/tools.lnx86/spectre/ahdlcmi/include/ahdlDevLibGlobal.h:1230:58: note: expected 'struct ahdlAnalogVar *' but argument is of type 'char *'
 1230 | ASL_FUNC_DECL_START extern PklError_e aslDevAvarSR( int, struct ahdlAnalogVar *, char *, char *, char *, PklJar_t * );
      |                                                          ^~~~~~~~~~~~~~~~~~~~~~
<stdin>: In function 'worklib__VCO__vams__0x10000001_behavioral_pSaveRestartInst':
<stdin>:3587:27: warning: passing argument 2 of 'aslDevAvarSR' from incompatible pointer type [-Wincompatible-pointer-types]
In file included from <stdin>:24:
/Cadence/SPECTRE231/tools.lnx86/spectre/ahdlcmi/include/ahdlDevLibGlobal.h:1230:58: note: expected 'struct ahdlAnalogVar *' but argument is of type 'char *'
 1230 | ASL_FUNC_DECL_START extern PklError_e aslDevAvarSR( int, struct ahdlAnalogVar *, char *, char *, char *, PklJar_t * );
      |                                                          ^~~~~~~~~~~~~~~~~~~~~~
<stdin>: In function 'ahdlworklib__VCO__vams__0x10000001_behavioralDescInstall':
<stdin>:3824:2: warning: implicit declaration of function 'descSetDeviceType'; did you mean 'descSetType'? [-Wimplicit-function-declaration]
<stdin>:3826:2: warning: implicit declaration of function 'descSetSetContrInfoPtr' [-Wimplicit-function-declaration]
<stdin>:3834:2: warning: implicit declaration of function 'descSetCopySignals'; did you mean 'descSetMapSignals'? [-Wimplicit-function-declaration]
<stdin>:3864:2: warning: implicit declaration of function 'descSetPrintDescription' [-Wimplicit-function-declaration]
<stdin>:3869:2: warning: implicit declaration of function 'descSetGetDigitalOffset' [-Wimplicit-function-declaration]
<stdin>:3870:2: warning: implicit declaration of function 'descSetVATermInfo'; did you mean 'descSetGetInfo'? [-Wimplicit-function-declaration]
<stdin>:3871:2: warning: implicit declaration of function 'descSetGetNodeNamesForBranch' [-Wimplicit-function-declaration]
<stdin>:3872:2: warning: implicit declaration of function 'descSetGetLinearityFactor' [-Wimplicit-function-declaration]
rm -f -rf worklib__VCO__vams__0x10000001_behavioral_cmi_c.c
/Cadence/SPECTRE231/tools.lnx86/cdsgcc/gcc/9.3/bin/gcc -shared -O3 -m64 -fPIC -o obj/optimize/5.0/libahdlcmi_worklib__VCO__vams__0x10000001_behavioral.so ./obj/optimize/5.0/worklib__VCO__vams__0x10000001_behavioral_func.o ./obj/optimize/5.0/worklib__VCO__vams__0x10000001_behavioral_DcFuncDerLoad.o ./obj/optimize/5.0/worklib__VCO__vams__0x10000001_behavioral_DcFuncLoad.o ./obj/optimize/5.0/worklib__VCO__vams__0x10000001_behavioral_TranFuncDerLoad.o ./obj/optimize/5.0/worklib__VCO__vams__0x10000001_behavioral_TranFuncLoad.o ./obj/optimize/5.0/worklib__VCO__vams__0x10000001_behavioral_OpPointCalc.o ./obj/optimize/5.0/worklib__VCO__vams__0x10000001_behavioral_cmi_c.o  -Wl,-rpath,/usr/lib -Wl,-rpath,/lib -lm -s 
rm -f -f ./obj/optimize/5.0/worklib__VCO__vams__0x10000001_behavioral_func.o ./obj/optimize/5.0/worklib__VCO__vams__0x10000001_behavioral_DcFuncDerLoad.o ./obj/optimize/5.0/worklib__VCO__vams__0x10000001_behavioral_DcFuncLoad.o ./obj/optimize/5.0/worklib__VCO__vams__0x10000001_behavioral_TranFuncDerLoad.o ./obj/optimize/5.0/worklib__VCO__vams__0x10000001_behavioral_TranFuncLoad.o ./obj/optimize/5.0/worklib__VCO__vams__0x10000001_behavioral_OpPointCalc.o ./obj/optimize/5.0/worklib__VCO__vams__0x10000001_behavioral_cmi_c.o 
